Classic Timing Analyzer report for register-8
Mon Mar 18 09:46:56 2024
Quartus II Version 8.1 Build 163 10/28/2008 SJ Web Edition


---------------------
; Table of Contents ;
---------------------
  1. Legal Notice
  2. Timing Analyzer Summary
  3. Timing Analyzer Settings
  4. Clock Settings Summary
  5. tsu
  6. tco
  7. th
  8. Timing Analyzer Messages



----------------
; Legal Notice ;
----------------
Copyright (C) 1991-2008 Altera Corporation
Your use of Altera Corporation's design tools, logic functions 
and other software and tools, and its AMPP partner logic 
functions, and any output files from any of the foregoing 
(including device programming or simulation files), and any 
associated documentation or information are expressly subject 
to the terms and conditions of the Altera Program License 
Subscription Agreement, Altera MegaCore Function License 
Agreement, or other applicable license agreement, including, 
without limitation, that your use is for the sole purpose of 
programming logic devices manufactured by Altera and sold by 
Altera or its authorized distributors.  Please refer to the 
applicable agreement for further details.



+-------------------------------------------------------------------------------------------------------------------------------------------------------------+
; Timing Analyzer Summary                                                                                                                                     ;
+------------------------------+-------+---------------+-------------+------------------------+------------------------+------------+----------+--------------+
; Type                         ; Slack ; Required Time ; Actual Time ; From                   ; To                     ; From Clock ; To Clock ; Failed Paths ;
+------------------------------+-------+---------------+-------------+------------------------+------------------------+------------+----------+--------------+
; Worst-case tsu               ; N/A   ; None          ; 5.146 ns    ; D0                     ; register-4:inst1|inst3 ; --         ; PC       ; 0            ;
; Worst-case tco               ; N/A   ; None          ; 9.381 ns    ; register-4:inst1|inst1 ; Q2                     ; PC         ; --       ; 0            ;
; Worst-case th                ; N/A   ; None          ; -3.807 ns   ; D5                     ; register-4:inst|inst2  ; --         ; PC       ; 0            ;
; Total number of failed paths ;       ;               ;             ;                        ;                        ;            ;          ; 0            ;
+------------------------------+-------+---------------+-------------+------------------------+------------------------+------------+----------+--------------+


+--------------------------------------------------------------------------------------------------------------------+
; Timing Analyzer Settings                                                                                           ;
+---------------------------------------------------------------------+--------------------+------+----+-------------+
; Option                                                              ; Setting            ; From ; To ; Entity Name ;
+---------------------------------------------------------------------+--------------------+------+----+-------------+
; Device Name                                                         ; EP2C8Q208C8        ;      ;    ;             ;
; Timing Models                                                       ; Final              ;      ;    ;             ;
; Default hold multicycle                                             ; Same as Multicycle ;      ;    ;             ;
; Cut paths between unrelated clock domains                           ; On                 ;      ;    ;             ;
; Cut off read during write signal paths                              ; On                 ;      ;    ;             ;
; Cut off feedback from I/O pins                                      ; On                 ;      ;    ;             ;
; Report Combined Fast/Slow Timing                                    ; Off                ;      ;    ;             ;
; Ignore Clock Settings                                               ; Off                ;      ;    ;             ;
; Analyze latches as synchronous elements                             ; On                 ;      ;    ;             ;
; Enable Recovery/Removal analysis                                    ; Off                ;      ;    ;             ;
; Enable Clock Latency                                                ; Off                ;      ;    ;             ;
; Use TimeQuest Timing Analyzer                                       ; Off                ;      ;    ;             ;
; Minimum Core Junction Temperature                                   ; 0                  ;      ;    ;             ;
; Maximum Core Junction Temperature                                   ; 85                 ;      ;    ;             ;
; Number of source nodes to report per destination node               ; 10                 ;      ;    ;             ;
; Number of destination nodes to report                               ; 10                 ;      ;    ;             ;
; Number of paths to report                                           ; 200                ;      ;    ;             ;
; Report Minimum Timing Checks                                        ; Off                ;      ;    ;             ;
; Use Fast Timing Models                                              ; Off                ;      ;    ;             ;
; Report IO Paths Separately                                          ; Off                ;      ;    ;             ;
; Perform Multicorner Analysis                                        ; On                 ;      ;    ;             ;
; Reports the worst-case path for each clock domain and analysis      ; Off                ;      ;    ;             ;
; Removes common clock path pessimism (CCPP) during slack computation ; Off                ;      ;    ;             ;
; Output I/O Timing Endpoint                                          ; Near End           ;      ;    ;             ;
+---------------------------------------------------------------------+--------------------+------+----+-------------+


+------------------------------------------------------------------------------------------------------------------------------------------------------------------------------------+
; Clock Settings Summary                                                                                                                                                             ;
+-----------------+--------------------+----------+------------------+---------------+--------------+----------+-----------------------+---------------------+--------+--------------+
; Clock Node Name ; Clock Setting Name ; Type     ; Fmax Requirement ; Early Latency ; Late Latency ; Based on ; Multiply Base Fmax by ; Divide Base Fmax by ; Offset ; Phase offset ;
+-----------------+--------------------+----------+------------------+---------------+--------------+----------+-----------------------+---------------------+--------+--------------+
; PC              ;                    ; User Pin ; None             ; 0.000 ns      ; 0.000 ns     ; --       ; N/A                   ; N/A                 ; N/A    ;              ;
+-----------------+--------------------+----------+------------------+---------------+--------------+----------+-----------------------+---------------------+--------+--------------+


+------------------------------------------------------------------------------+
; tsu                                                                          ;
+-------+--------------+------------+------+------------------------+----------+
; Slack ; Required tsu ; Actual tsu ; From ; To                     ; To Clock ;
+-------+--------------+------------+------+------------------------+----------+
; N/A   ; None         ; 5.146 ns   ; D0   ; register-4:inst1|inst3 ; PC       ;
; N/A   ; None         ; 4.744 ns   ; D4   ; register-4:inst|inst3  ; PC       ;
; N/A   ; None         ; 4.498 ns   ; D1   ; register-4:inst1|inst2 ; PC       ;
; N/A   ; None         ; 4.387 ns   ; D6   ; register-4:inst|inst1  ; PC       ;
; N/A   ; None         ; 4.249 ns   ; D2   ; register-4:inst1|inst1 ; PC       ;
; N/A   ; None         ; 4.073 ns   ; D5   ; register-4:inst|inst2  ; PC       ;
+-------+--------------+------------+------+------------------------+----------+


+------------------------------------------------------------------------------+
; tco                                                                          ;
+-------+--------------+------------+------------------------+----+------------+
; Slack ; Required tco ; Actual tco ; From                   ; To ; From Clock ;
+-------+--------------+------------+------------------------+----+------------+
; N/A   ; None         ; 9.381 ns   ; register-4:inst1|inst1 ; Q2 ; PC         ;
; N/A   ; None         ; 8.970 ns   ; register-4:inst|inst2  ; Q5 ; PC         ;
; N/A   ; None         ; 8.928 ns   ; register-4:inst1|inst2 ; Q1 ; PC         ;
; N/A   ; None         ; 8.833 ns   ; register-4:inst|inst3  ; Q4 ; PC         ;
; N/A   ; None         ; 8.664 ns   ; register-4:inst|inst1  ; Q6 ; PC         ;
; N/A   ; None         ; 7.704 ns   ; register-4:inst1|inst3 ; Q0 ; PC         ;
+-------+--------------+------------+------------------------+----+------------+


+------------------------------------------------------------------------------------+
; th                                                                                 ;
+---------------+-------------+-----------+------+------------------------+----------+
; Minimum Slack ; Required th ; Actual th ; From ; To                     ; To Clock ;
+---------------+-------------+-----------+------+------------------------+----------+
; N/A           ; None        ; -3.807 ns ; D5   ; register-4:inst|inst2  ; PC       ;
; N/A           ; None        ; -3.983 ns ; D2   ; register-4:inst1|inst1 ; PC       ;
; N/A           ; None        ; -4.121 ns ; D6   ; register-4:inst|inst1  ; PC       ;
; N/A           ; None        ; -4.232 ns ; D1   ; register-4:inst1|inst2 ; PC       ;
; N/A           ; None        ; -4.478 ns ; D4   ; register-4:inst|inst3  ; PC       ;
; N/A           ; None        ; -4.880 ns ; D0   ; register-4:inst1|inst3 ; PC       ;
+---------------+-------------+-----------+------+------------------------+----------+


+--------------------------+
; Timing Analyzer Messages ;
+--------------------------+
Info: *******************************************************************
Info: Running Quartus II Classic Timing Analyzer
    Info: Version 8.1 Build 163 10/28/2008 SJ Web Edition
    Info: Processing started: Mon Mar 18 09:46:56 2024
Info: Command: quartus_tan --read_settings_files=off --write_settings_files=off register-8 -c register-8 --timing_analysis_only
Warning: Found pins functioning as undefined clocks and/or memory enables
    Info: Assuming node "PC" is an undefined clock
Info: No valid register-to-register data paths exist for clock "PC"
Info: tsu for register "register-4:inst1|inst3" (data pin = "D0", clock pin = "PC") is 5.146 ns
    Info: + Longest pin to register delay is 8.051 ns
        Info: 1: + IC(0.000 ns) + CELL(0.974 ns) = 0.974 ns; Loc. = PIN_77; Fanout = 1; PIN Node = 'D0'
        Info: 2: + IC(6.763 ns) + CELL(0.206 ns) = 7.943 ns; Loc. = LCCOMB_X33_Y7_N0; Fanout = 1; COMB Node = 'register-4:inst1|inst3~feeder'
        Info: 3: + IC(0.000 ns) + CELL(0.108 ns) = 8.051 ns; Loc. = LCFF_X33_Y7_N1; Fanout = 1; REG Node = 'register-4:inst1|inst3'
        Info: Total cell delay = 1.288 ns ( 16.00 % )
        Info: Total interconnect delay = 6.763 ns ( 84.00 % )
    Info: + Micro setup delay of destination is -0.040 ns
    Info: - Shortest clock path from clock "PC" to destination register is 2.865 ns
        Info: 1: + IC(0.000 ns) + CELL(1.150 ns) = 1.150 ns; Loc. = PIN_132; Fanout = 1; CLK Node = 'PC'
        Info: 2: + IC(0.139 ns) + CELL(0.000 ns) = 1.289 ns; Loc. = CLKCTRL_G6; Fanout = 6; COMB Node = 'PC~clkctrl'
        Info: 3: + IC(0.910 ns) + CELL(0.666 ns) = 2.865 ns; Loc. = LCFF_X33_Y7_N1; Fanout = 1; REG Node = 'register-4:inst1|inst3'
        Info: Total cell delay = 1.816 ns ( 63.39 % )
        Info: Total interconnect delay = 1.049 ns ( 36.61 % )
Info: tco from clock "PC" to destination pin "Q2" through register "register-4:inst1|inst1" is 9.381 ns
    Info: + Longest clock path from clock "PC" to source register is 2.875 ns
        Info: 1: + IC(0.000 ns) + CELL(1.150 ns) = 1.150 ns; Loc. = PIN_132; Fanout = 1; CLK Node = 'PC'
        Info: 2: + IC(0.139 ns) + CELL(0.000 ns) = 1.289 ns; Loc. = CLKCTRL_G6; Fanout = 6; COMB Node = 'PC~clkctrl'
        Info: 3: + IC(0.920 ns) + CELL(0.666 ns) = 2.875 ns; Loc. = LCFF_X23_Y3_N1; Fanout = 1; REG Node = 'register-4:inst1|inst1'
        Info: Total cell delay = 1.816 ns ( 63.17 % )
        Info: Total interconnect delay = 1.059 ns ( 36.83 % )
    Info: + Micro clock to output delay of source is 0.304 ns
    Info: + Longest register to pin delay is 6.202 ns
        Info: 1: + IC(0.000 ns) + CELL(0.000 ns) = 0.000 ns; Loc. = LCFF_X23_Y3_N1; Fanout = 1; REG Node = 'register-4:inst1|inst1'
        Info: 2: + IC(3.096 ns) + CELL(3.106 ns) = 6.202 ns; Loc. = PIN_144; Fanout = 0; PIN Node = 'Q2'
        Info: Total cell delay = 3.106 ns ( 50.08 % )
        Info: Total interconnect delay = 3.096 ns ( 49.92 % )
Info: th for register "register-4:inst|inst2" (data pin = "D5", clock pin = "PC") is -3.807 ns
    Info: + Longest clock path from clock "PC" to destination register is 2.878 ns
        Info: 1: + IC(0.000 ns) + CELL(1.150 ns) = 1.150 ns; Loc. = PIN_132; Fanout = 1; CLK Node = 'PC'
        Info: 2: + IC(0.139 ns) + CELL(0.000 ns) = 1.289 ns; Loc. = CLKCTRL_G6; Fanout = 6; COMB Node = 'PC~clkctrl'
        Info: 3: + IC(0.923 ns) + CELL(0.666 ns) = 2.878 ns; Loc. = LCFF_X26_Y2_N1; Fanout = 1; REG Node = 'register-4:inst|inst2'
        Info: Total cell delay = 1.816 ns ( 63.10 % )
        Info: Total interconnect delay = 1.062 ns ( 36.90 % )
    Info: + Micro hold delay of destination is 0.306 ns
    Info: - Shortest pin to register delay is 6.991 ns
        Info: 1: + IC(0.000 ns) + CELL(0.964 ns) = 0.964 ns; Loc. = PIN_86; Fanout = 1; PIN Node = 'D5'
        Info: 2: + IC(5.713 ns) + CELL(0.206 ns) = 6.883 ns; Loc. = LCCOMB_X26_Y2_N0; Fanout = 1; COMB Node = 'register-4:inst|inst2~feeder'
        Info: 3: + IC(0.000 ns) + CELL(0.108 ns) = 6.991 ns; Loc. = LCFF_X26_Y2_N1; Fanout = 1; REG Node = 'register-4:inst|inst2'
        Info: Total cell delay = 1.278 ns ( 18.28 % )
        Info: Total interconnect delay = 5.713 ns ( 81.72 % )
Info: Quartus II Classic Timing Analyzer was successful. 0 errors, 1 warning
    Info: Peak virtual memory: 181 megabytes
    Info: Processing ended: Mon Mar 18 09:46:56 2024
    Info: Elapsed time: 00:00:00
    Info: Total CPU time (on all processors): 00:00:00


