Flow report for adder_parallel_8b
Sat Apr 13 15:41:09 2024
Quartus II Version 8.1 Build 163 10/28/2008 SJ Web Edition


---------------------
; Table of Contents ;
---------------------
  1. Legal Notice
  2. Flow Summary
  3. Flow Settings
  4. Flow Non-Default Global Settings
  5. Flow Elapsed Time
  6. Flow OS Summary
  7. Flow Log



----------------
; Legal Notice ;
----------------
Copyright (C) 1991-2008 Altera Corporation
Your use of Altera Corporation's design tools, logic functions 
and other software and tools, and its AMPP partner logic 
functions, and any output files from any of the foregoing 
(including device programming or simulation files), and any 
associated documentation or information are expressly subject 
to the terms and conditions of the Altera Program License 
Subscription Agreement, Altera MegaCore Function License 
Agreement, or other applicable license agreement, including, 
without limitation, that your use is for the sole purpose of 
programming logic devices manufactured by Altera and sold by 
Altera or its authorized distributors.  Please refer to the 
applicable agreement for further details.



+------------------------------------------------------------------------------+
; Flow Summary                                                                 ;
+------------------------------------+-----------------------------------------+
; Flow Status                        ; Successful - Sat Apr 13 15:41:09 2024   ;
; Quartus II Version                 ; 8.1 Build 163 10/28/2008 SJ Web Edition ;
; Revision Name                      ; adder_parallel_8b                       ;
; Top-level Entity Name              ; ALU_parallel_8b                         ;
; Family                             ; Cyclone II                              ;
; Device                             ; EP2C8Q208C8                             ;
; Timing Models                      ; Final                                   ;
; Met timing requirements            ; Yes                                     ;
; Total logic elements               ; 35 / 8,256 ( < 1 % )                    ;
;     Total combinational functions  ; 35 / 8,256 ( < 1 % )                    ;
;     Dedicated logic registers      ; 0 / 8,256 ( 0 % )                       ;
; Total registers                    ; 0                                       ;
; Total pins                         ; 31 / 138 ( 22 % )                       ;
; Total virtual pins                 ; 0                                       ;
; Total memory bits                  ; 0 / 165,888 ( 0 % )                     ;
; Embedded Multiplier 9-bit elements ; 0 / 36 ( 0 % )                          ;
; Total PLLs                         ; 0 / 2 ( 0 % )                           ;
+------------------------------------+-----------------------------------------+


+-----------------------------------------+
; Flow Settings                           ;
+-------------------+---------------------+
; Option            ; Setting             ;
+-------------------+---------------------+
; Start date & time ; 04/13/2024 15:41:04 ;
; Main task         ; Compilation         ;
; Revision Name     ; adder_parallel_8b   ;
+-------------------+---------------------+


+-------------------------------------------------------------------------------------------------------------------------------------------------------------------------------------------+
; Flow Non-Default Global Settings                                                                                                                                                          ;
+------------------------+---------------------------------------------------------------------------------------------------------------+-------------------+-----------------+------------+
; Assignment Name        ; Value                                                                                                         ; Default Value     ; Entity Name     ; Section Id ;
+------------------------+---------------------------------------------------------------------------------------------------------------+-------------------+-----------------+------------+
; COMPILER_SIGNATURE_ID  ; 171728323259152.171299406424048                                                                               ; --                ; --              ; --         ;
; MAX_CORE_JUNCTION_TEMP ; 85                                                                                                            ; --                ; --              ; --         ;
; MIN_CORE_JUNCTION_TEMP ; 0                                                                                                             ; --                ; --              ; --         ;
; MISC_FILE              ; D:/projects/quartus/ALU_parallel_8b/adder_parallel_8b.dpf                                                     ; --                ; --              ; --         ;
; MISC_FILE              ; D:/Files/Study/cources/计算机组织与结构课程设计/quartus_project/quartus/ALU_parallel_8b/adder_parallel_8b.dpf ; --                ; --              ; --         ;
; MISC_FILE              ; D:/Files/Study/cources/计算机组织与结构课程设计/quartus_project/Project/ALU_parallel_8b/adder_parallel_8b.dpf ; --                ; --              ; --         ;
; PARTITION_COLOR        ; 16764057                                                                                                      ; --                ; ALU_parallel_8b ; Top        ;
; PARTITION_NETLIST_TYPE ; SOURCE                                                                                                        ; --                ; ALU_parallel_8b ; Top        ;
; TOP_LEVEL_ENTITY       ; ALU_parallel_8b                                                                                               ; adder_parallel_8b ; --              ; --         ;
+------------------------+---------------------------------------------------------------------------------------------------------------+-------------------+-----------------+------------+


+-----------------------------------------------------------------------------------------------------------------------------+
; Flow Elapsed Time                                                                                                           ;
+-------------------------+--------------+-------------------------+---------------------+------------------------------------+
; Module Name             ; Elapsed Time ; Average Processors Used ; Peak Virtual Memory ; Total CPU Time (on all processors) ;
+-------------------------+--------------+-------------------------+---------------------+------------------------------------+
; Analysis & Synthesis    ; 00:00:01     ; 1.0                     ; 222 MB              ; 00:00:00                           ;
; Fitter                  ; 00:00:02     ; 1.0                     ; 239 MB              ; 00:00:01                           ;
; Assembler               ; 00:00:00     ; 1.0                     ; 210 MB              ; 00:00:00                           ;
; Classic Timing Analyzer ; 00:00:00     ; 1.0                     ; 169 MB              ; 00:00:00                           ;
; Total                   ; 00:00:03     ; --                      ; --                  ; 00:00:01                           ;
+-------------------------+--------------+-------------------------+---------------------+------------------------------------+


+------------------------------------------------------------------------------------------+
; Flow OS Summary                                                                          ;
+-------------------------+------------------+---------------+------------+----------------+
; Module Name             ; Machine Hostname ; OS Name       ; OS Version ; Processor type ;
+-------------------------+------------------+---------------+------------+----------------+
; Analysis & Synthesis    ; LAPTOP-9KJGOAKC  ; Windows Vista ; 6.2        ; x86_64         ;
; Fitter                  ; LAPTOP-9KJGOAKC  ; Windows Vista ; 6.2        ; x86_64         ;
; Assembler               ; LAPTOP-9KJGOAKC  ; Windows Vista ; 6.2        ; x86_64         ;
; Classic Timing Analyzer ; LAPTOP-9KJGOAKC  ; Windows Vista ; 6.2        ; x86_64         ;
+-------------------------+------------------+---------------+------------+----------------+


------------
; Flow Log ;
------------
quartus_map --read_settings_files=on --write_settings_files=off ALU_parallel_8b -c adder_parallel_8b
quartus_fit --read_settings_files=off --write_settings_files=off ALU_parallel_8b -c adder_parallel_8b
quartus_asm --read_settings_files=off --write_settings_files=off ALU_parallel_8b -c adder_parallel_8b
quartus_tan --read_settings_files=off --write_settings_files=off ALU_parallel_8b -c adder_parallel_8b --timing_analysis_only



