Flow report for microprogram-access
Sat Apr 20 16:00:48 2024
Quartus II Version 8.1 Build 163 10/28/2008 SJ Web Edition


---------------------
; Table of Contents ;
---------------------
  1. Legal Notice
  2. Flow Summary
  3. Flow Settings
  4. Flow Non-Default Global Settings
  5. Flow Elapsed Time
  6. Flow OS Summary
  7. Flow Log



----------------
; Legal Notice ;
----------------
Copyright (C) 1991-2008 Altera Corporation
Your use of Altera Corporation's design tools, logic functions 
and other software and tools, and its AMPP partner logic 
functions, and any output files from any of the foregoing 
(including device programming or simulation files), and any 
associated documentation or information are expressly subject 
to the terms and conditions of the Altera Program License 
Subscription Agreement, Altera MegaCore Function License 
Agreement, or other applicable license agreement, including, 
without limitation, that your use is for the sole purpose of 
programming logic devices manufactured by Altera and sold by 
Altera or its authorized distributors.  Please refer to the 
applicable agreement for further details.



+------------------------------------------------------------------------------+
; Flow Summary                                                                 ;
+------------------------------------+-----------------------------------------+
; Flow Status                        ; Successful - Sat Apr 20 16:00:48 2024   ;
; Quartus II Version                 ; 8.1 Build 163 10/28/2008 SJ Web Edition ;
; Revision Name                      ; microprogram-access                     ;
; Top-level Entity Name              ; microprogram-access                     ;
; Family                             ; Cyclone II                              ;
; Device                             ; EP2C8Q208C8                             ;
; Timing Models                      ; Final                                   ;
; Met timing requirements            ; Yes                                     ;
; Total logic elements               ; 47 / 8,256 ( < 1 % )                    ;
;     Total combinational functions  ; 39 / 8,256 ( < 1 % )                    ;
;     Dedicated logic registers      ; 33 / 8,256 ( < 1 % )                    ;
; Total registers                    ; 33                                      ;
; Total pins                         ; 71 / 138 ( 51 % )                       ;
; Total virtual pins                 ; 0                                       ;
; Total memory bits                  ; 0 / 165,888 ( 0 % )                     ;
; Embedded Multiplier 9-bit elements ; 0 / 36 ( 0 % )                          ;
; Total PLLs                         ; 0 / 2 ( 0 % )                           ;
+------------------------------------+-----------------------------------------+


+-----------------------------------------+
; Flow Settings                           ;
+-------------------+---------------------+
; Option            ; Setting             ;
+-------------------+---------------------+
; Start date & time ; 04/20/2024 16:00:42 ;
; Main task         ; Compilation         ;
; Revision Name     ; microprogram-access ;
+-------------------+---------------------+


+---------------------------------------------------------------------------------------------------------------------------------------------------------------------------------------------------------+
; Flow Non-Default Global Settings                                                                                                                                                                        ;
+------------------------------------+---------------------------------------------------------------------------------------------------------------------+---------------+-------------+----------------+
; Assignment Name                    ; Value                                                                                                               ; Default Value ; Entity Name ; Section Id     ;
+------------------------------------+---------------------------------------------------------------------------------------------------------------------+---------------+-------------+----------------+
; COMPILER_SIGNATURE_ID              ; 109952948958585.171360004204912                                                                                     ; --            ; --          ; --             ;
; MAX_CORE_JUNCTION_TEMP             ; 85                                                                                                                  ; --            ; --          ; --             ;
; MIN_CORE_JUNCTION_TEMP             ; 0                                                                                                                   ; --            ; --          ; --             ;
; MISC_FILE                          ; D:/xxx/quartus_project/Project/microprogram-access/microprogram-access.dpf                                          ; --            ; --          ; --             ;
; MISC_FILE                          ; D:/Files/Study/cources/计算机组织与结构课程设计/quartus_project/Project/microprogram-access/microprogram-access.dpf ; --            ; --          ; --             ;
; MISC_FILE                          ; C:/Users/dell/Desktop/microprogram-access/microprogram-access.dpf                                                   ; --            ; --          ; --             ;
; PARTITION_COLOR                    ; 16764057                                                                                                            ; --            ; --          ; Top            ;
; PARTITION_NETLIST_TYPE             ; SOURCE                                                                                                              ; --            ; --          ; Top            ;
; USE_GENERATED_PHYSICAL_CONSTRAINTS ; Off                                                                                                                 ; --            ; --          ; eda_blast_fpga ;
+------------------------------------+---------------------------------------------------------------------------------------------------------------------+---------------+-------------+----------------+


+-----------------------------------------------------------------------------------------------------------------------------+
; Flow Elapsed Time                                                                                                           ;
+-------------------------+--------------+-------------------------+---------------------+------------------------------------+
; Module Name             ; Elapsed Time ; Average Processors Used ; Peak Virtual Memory ; Total CPU Time (on all processors) ;
+-------------------------+--------------+-------------------------+---------------------+------------------------------------+
; Analysis & Synthesis    ; 00:00:01     ; 1.0                     ; 199 MB              ; 00:00:01                           ;
; Fitter                  ; 00:00:01     ; 1.0                     ; 210 MB              ; 00:00:01                           ;
; Assembler               ; 00:00:01     ; 1.0                     ; 189 MB              ; 00:00:01                           ;
; Classic Timing Analyzer ; 00:00:01     ; 1.0                     ; 147 MB              ; 00:00:00                           ;
; Total                   ; 00:00:04     ; --                      ; --                  ; 00:00:03                           ;
+-------------------------+--------------+-------------------------+---------------------+------------------------------------+


+------------------------------------------------------------------------------------------+
; Flow OS Summary                                                                          ;
+-------------------------+------------------+---------------+------------+----------------+
; Module Name             ; Machine Hostname ; OS Name       ; OS Version ; Processor type ;
+-------------------------+------------------+---------------+------------+----------------+
; Analysis & Synthesis    ; 503-27           ; Windows Vista ; 6.1        ; i686           ;
; Fitter                  ; 503-27           ; Windows Vista ; 6.1        ; i686           ;
; Assembler               ; 503-27           ; Windows Vista ; 6.1        ; i686           ;
; Classic Timing Analyzer ; 503-27           ; Windows Vista ; 6.1        ; i686           ;
+-------------------------+------------------+---------------+------------+----------------+


------------
; Flow Log ;
------------
quartus_map --read_settings_files=on --write_settings_files=off microprogram-access -c microprogram-access
quartus_fit --read_settings_files=off --write_settings_files=off microprogram-access -c microprogram-access
quartus_asm --read_settings_files=off --write_settings_files=off microprogram-access -c microprogram-access
quartus_tan --read_settings_files=off --write_settings_files=off microprogram-access -c microprogram-access --timing_analysis_only



