Analysis & Synthesis report for microprogram_calculate
Sat Apr 13 13:21:25 2024
Quartus II Version 8.1 Build 163 10/28/2008 SJ Web Edition


---------------------
; Table of Contents ;
---------------------
  1. Legal Notice
  2. Analysis & Synthesis Summary
  3. Analysis & Synthesis Settings
  4. Analysis & Synthesis Source Files Read
  5. Analysis & Synthesis Resource Usage Summary
  6. Analysis & Synthesis Resource Utilization by Entity
  7. General Register Statistics
  8. Parameter Settings for User Entity Instance: ripple_counter_256_advanced:inst|74161:inst1
  9. Parameter Settings for User Entity Instance: ripple_counter_256_advanced:inst|74161:inst
 10. Analysis & Synthesis Messages



----------------
; Legal Notice ;
----------------
Copyright (C) 1991-2008 Altera Corporation
Your use of Altera Corporation's design tools, logic functions 
and other software and tools, and its AMPP partner logic 
functions, and any output files from any of the foregoing 
(including device programming or simulation files), and any 
associated documentation or information are expressly subject 
to the terms and conditions of the Altera Program License 
Subscription Agreement, Altera MegaCore Function License 
Agreement, or other applicable license agreement, including, 
without limitation, that your use is for the sole purpose of 
programming logic devices manufactured by Altera and sold by 
Altera or its authorized distributors.  Please refer to the 
applicable agreement for further details.



+------------------------------------------------------------------------------+
; Analysis & Synthesis Summary                                                 ;
+------------------------------------+-----------------------------------------+
; Analysis & Synthesis Status        ; Successful - Sat Apr 13 13:21:25 2024   ;
; Quartus II Version                 ; 8.1 Build 163 10/28/2008 SJ Web Edition ;
; Revision Name                      ; microprogram_calculate                  ;
; Top-level Entity Name              ; microprogram_calculate                  ;
; Family                             ; Cyclone II                              ;
; Total logic elements               ; 65                                      ;
;     Total combinational functions  ; 65                                      ;
;     Dedicated logic registers      ; 32                                      ;
; Total registers                    ; 32                                      ;
; Total pins                         ; 56                                      ;
; Total virtual pins                 ; 0                                       ;
; Total memory bits                  ; 0                                       ;
; Embedded Multiplier 9-bit elements ; 0                                       ;
; Total PLLs                         ; 0                                       ;
+------------------------------------+-----------------------------------------+


+------------------------------------------------------------------------------------------------------------------+
; Analysis & Synthesis Settings                                                                                    ;
+----------------------------------------------------------------+------------------------+------------------------+
; Option                                                         ; Setting                ; Default Value          ;
+----------------------------------------------------------------+------------------------+------------------------+
; Device                                                         ; EP2C8Q208C8            ;                        ;
; Top-level entity name                                          ; microprogram_calculate ; microprogram_calculate ;
; Family name                                                    ; Cyclone II             ; Stratix II             ;
; Use Generated Physical Constraints File                        ; Off                    ;                        ;
; Use smart compilation                                          ; Off                    ; Off                    ;
; Restructure Multiplexers                                       ; Auto                   ; Auto                   ;
; Create Debugging Nodes for IP Cores                            ; Off                    ; Off                    ;
; Preserve fewer node names                                      ; On                     ; On                     ;
; Disable OpenCore Plus hardware evaluation                      ; Off                    ; Off                    ;
; Verilog Version                                                ; Verilog_2001           ; Verilog_2001           ;
; VHDL Version                                                   ; VHDL93                 ; VHDL93                 ;
; State Machine Processing                                       ; Auto                   ; Auto                   ;
; Safe State Machine                                             ; Off                    ; Off                    ;
; Extract Verilog State Machines                                 ; On                     ; On                     ;
; Extract VHDL State Machines                                    ; On                     ; On                     ;
; Ignore Verilog initial constructs                              ; Off                    ; Off                    ;
; Iteration limit for constant Verilog loops                     ; 5000                   ; 5000                   ;
; Iteration limit for non-constant Verilog loops                 ; 250                    ; 250                    ;
; Add Pass-Through Logic to Inferred RAMs                        ; On                     ; On                     ;
; Parallel Synthesis                                             ; Off                    ; Off                    ;
; DSP Block Balancing                                            ; Auto                   ; Auto                   ;
; NOT Gate Push-Back                                             ; On                     ; On                     ;
; Power-Up Don't Care                                            ; On                     ; On                     ;
; Remove Redundant Logic Cells                                   ; Off                    ; Off                    ;
; Remove Duplicate Registers                                     ; On                     ; On                     ;
; Ignore CARRY Buffers                                           ; Off                    ; Off                    ;
; Ignore CASCADE Buffers                                         ; Off                    ; Off                    ;
; Ignore GLOBAL Buffers                                          ; Off                    ; Off                    ;
; Ignore ROW GLOBAL Buffers                                      ; Off                    ; Off                    ;
; Ignore LCELL Buffers                                           ; Off                    ; Off                    ;
; Ignore SOFT Buffers                                            ; On                     ; On                     ;
; Limit AHDL Integers to 32 Bits                                 ; Off                    ; Off                    ;
; Optimization Technique                                         ; Balanced               ; Balanced               ;
; Carry Chain Length                                             ; 70                     ; 70                     ;
; Auto Carry Chains                                              ; On                     ; On                     ;
; Auto Open-Drain Pins                                           ; On                     ; On                     ;
; Perform WYSIWYG Primitive Resynthesis                          ; Off                    ; Off                    ;
; Perform gate-level register retiming                           ; Off                    ; Off                    ;
; Allow register retiming to trade off Tsu/Tco with Fmax         ; On                     ; On                     ;
; Auto ROM Replacement                                           ; On                     ; On                     ;
; Auto RAM Replacement                                           ; On                     ; On                     ;
; Auto Shift Register Replacement                                ; Auto                   ; Auto                   ;
; Auto Clock Enable Replacement                                  ; On                     ; On                     ;
; Strict RAM Replacement                                         ; Off                    ; Off                    ;
; Allow Synchronous Control Signals                              ; On                     ; On                     ;
; Force Use of Synchronous Clear Signals                         ; Off                    ; Off                    ;
; Auto RAM to Logic Cell Conversion                              ; Off                    ; Off                    ;
; Auto Resource Sharing                                          ; Off                    ; Off                    ;
; Allow Any RAM Size For Recognition                             ; Off                    ; Off                    ;
; Allow Any ROM Size For Recognition                             ; Off                    ; Off                    ;
; Allow Any Shift Register Size For Recognition                  ; Off                    ; Off                    ;
; Use LogicLock Constraints during Resource Balancing            ; On                     ; On                     ;
; Ignore translate_off and synthesis_off directives              ; Off                    ; Off                    ;
; Show Parameter Settings Tables in Synthesis Report             ; On                     ; On                     ;
; Ignore Maximum Fan-Out Assignments                             ; Off                    ; Off                    ;
; Synchronization Register Chain Length                          ; 2                      ; 2                      ;
; PowerPlay Power Optimization                                   ; Normal compilation     ; Normal compilation     ;
; HDL message level                                              ; Level2                 ; Level2                 ;
; Suppress Register Optimization Related Messages                ; Off                    ; Off                    ;
; Number of Removed Registers Reported in Synthesis Report       ; 100                    ; 100                    ;
; Number of Inverted Registers Reported in Synthesis Report      ; 100                    ; 100                    ;
; Clock MUX Protection                                           ; On                     ; On                     ;
; Auto Gated Clock Conversion                                    ; Off                    ; Off                    ;
; Block Design Naming                                            ; Auto                   ; Auto                   ;
; SDC constraint protection                                      ; Off                    ; Off                    ;
; Synthesis Effort                                               ; Auto                   ; Auto                   ;
; Allows Asynchronous Clear Usage For Shift Register Replacement ; On                     ; On                     ;
; Analysis & Synthesis Message Level                             ; Medium                 ; Medium                 ;
+----------------------------------------------------------------+------------------------+------------------------+


+--------------------------------------------------------------------------------------------------------------------------------------------------------------------------------------------------------------------------------------+
; Analysis & Synthesis Source Files Read                                                                                                                                                                                               ;
+----------------------------------+-----------------+------------------------------------------+--------------------------------------------------------------------------------------------------------------------------------------+
; File Name with User-Entered Path ; Used in Netlist ; File Type                                ; File Name with Absolute Path                                                                                                         ;
+----------------------------------+-----------------+------------------------------------------+--------------------------------------------------------------------------------------------------------------------------------------+
; microprogram_calculate.bdf       ; yes             ; User Block Diagram/Schematic File        ; D:/Files/Study/cources/计算机组织与结构课程设计/quartus_project/Project/microprogram_calculate - new/microprogram_calculate.bdf      ;
; ripple_counter_256_advanced.bdf  ; yes             ; Auto-Found Block Diagram/Schematic File  ; D:/Files/Study/cources/计算机组织与结构课程设计/quartus_project/Project/microprogram_calculate - new/ripple_counter_256_advanced.bdf ;
; 74161.tdf                        ; yes             ; Megafunction                             ; e:/altera/81/quartus/libraries/others/maxplus2/74161.tdf                                                                             ;
; aglobal.inc                      ; yes             ; Megafunction                             ; e:/altera/81/quartus/libraries/megafunctions/aglobal.inc                                                                             ;
; f74161.bdf                       ; yes             ; Megafunction                             ; e:/altera/81/quartus/libraries/others/maxplus2/f74161.bdf                                                                            ;
; ALU_parallel_8b.bdf              ; yes             ; Auto-Found Block Diagram/Schematic File  ; D:/Files/Study/cources/计算机组织与结构课程设计/quartus_project/Project/microprogram_calculate - new/ALU_parallel_8b.bdf             ;
; 74181.bdf                        ; yes             ; Megafunction                             ; e:/altera/81/quartus/libraries/others/maxplus2/74181.bdf                                                                             ;
; 74182.bdf                        ; yes             ; Megafunction                             ; e:/altera/81/quartus/libraries/others/maxplus2/74182.bdf                                                                             ;
; register-8_with_CLR.bdf          ; yes             ; Auto-Found Block Diagram/Schematic File  ; D:/Files/Study/cources/计算机组织与结构课程设计/quartus_project/Project/microprogram_calculate - new/register-8_with_CLR.bdf         ;
; register-4_with_CLR.bdf          ; yes             ; Auto-Found Block Diagram/Schematic File  ; D:/Files/Study/cources/计算机组织与结构课程设计/quartus_project/Project/microprogram_calculate - new/register-4_with_CLR.bdf         ;
; logical-shifter-8.bdf            ; yes             ; Auto-Found Block Diagram/Schematic File  ; D:/Files/Study/cources/计算机组织与结构课程设计/quartus_project/Project/microprogram_calculate - new/logical-shifter-8.bdf           ;
; complement-shifter-4.bdf         ; yes             ; Auto-Found Block Diagram/Schematic File  ; D:/Files/Study/cources/计算机组织与结构课程设计/quartus_project/Project/microprogram_calculate - new/complement-shifter-4.bdf        ;
+----------------------------------+-----------------+------------------------------------------+--------------------------------------------------------------------------------------------------------------------------------------+


+-----------------------------------------------------+
; Analysis & Synthesis Resource Usage Summary         ;
+---------------------------------------------+-------+
; Resource                                    ; Usage ;
+---------------------------------------------+-------+
; Estimated Total logic elements              ; 65    ;
;                                             ;       ;
; Total combinational functions               ; 65    ;
; Logic element usage by number of LUT inputs ;       ;
;     -- 4 input functions                    ; 45    ;
;     -- 3 input functions                    ; 8     ;
;     -- <=2 input functions                  ; 12    ;
;                                             ;       ;
; Logic elements by mode                      ;       ;
;     -- normal mode                          ; 65    ;
;     -- arithmetic mode                      ; 0     ;
;                                             ;       ;
; Total registers                             ; 32    ;
;     -- Dedicated logic registers            ; 32    ;
;     -- I/O registers                        ; 0     ;
;                                             ;       ;
; I/O pins                                    ; 56    ;
; Maximum fan-out node                        ; CLR   ;
; Maximum fan-out                             ; 32    ;
; Total fan-out                               ; 356   ;
; Average fan-out                             ; 2.33  ;
+---------------------------------------------+-------+


+----------------------------------------------------------------------------------------------------------------------------------------------------------------------------------------------------------------------------------------------------+
; Analysis & Synthesis Resource Utilization by Entity                                                                                                                                                                                                ;
+---------------------------------------+-------------------+--------------+-------------+--------------+---------+-----------+------+--------------+---------------------------------------------------------------------------------+--------------+
; Compilation Hierarchy Node            ; LC Combinationals ; LC Registers ; Memory Bits ; DSP Elements ; DSP 9x9 ; DSP 18x18 ; Pins ; Virtual Pins ; Full Hierarchy Name                                                             ; Library Name ;
+---------------------------------------+-------------------+--------------+-------------+--------------+---------+-----------+------+--------------+---------------------------------------------------------------------------------+--------------+
; |microprogram_calculate               ; 65 (3)            ; 32 (0)       ; 0           ; 0            ; 0       ; 0         ; 56   ; 0            ; |microprogram_calculate                                                         ; work         ;
;    |ALU_parallel_8b:inst3|            ; 34 (0)            ; 0 (0)        ; 0           ; 0            ; 0       ; 0         ; 0    ; 0            ; |microprogram_calculate|ALU_parallel_8b:inst3                                   ; work         ;
;       |74181:inst1|                   ; 16 (16)           ; 0 (0)        ; 0           ; 0            ; 0       ; 0         ; 0    ; 0            ; |microprogram_calculate|ALU_parallel_8b:inst3|74181:inst1                       ; work         ;
;       |74181:inst|                    ; 16 (16)           ; 0 (0)        ; 0           ; 0            ; 0       ; 0         ; 0    ; 0            ; |microprogram_calculate|ALU_parallel_8b:inst3|74181:inst                        ; work         ;
;       |74182:inst2|                   ; 2 (2)             ; 0 (0)        ; 0           ; 0            ; 0       ; 0         ; 0    ; 0            ; |microprogram_calculate|ALU_parallel_8b:inst3|74182:inst2                       ; work         ;
;    |logical-shifter-8:inst12|         ; 17 (0)            ; 0 (0)        ; 0           ; 0            ; 0       ; 0         ; 0    ; 0            ; |microprogram_calculate|logical-shifter-8:inst12                                ; work         ;
;       |complement-shifter-4:inst1|    ; 9 (9)             ; 0 (0)        ; 0           ; 0            ; 0       ; 0         ; 0    ; 0            ; |microprogram_calculate|logical-shifter-8:inst12|complement-shifter-4:inst1     ; work         ;
;       |complement-shifter-4:inst|     ; 8 (8)             ; 0 (0)        ; 0           ; 0            ; 0       ; 0         ; 0    ; 0            ; |microprogram_calculate|logical-shifter-8:inst12|complement-shifter-4:inst      ; work         ;
;    |register-8_with_CLR:inst10|       ; 1 (0)             ; 8 (0)        ; 0           ; 0            ; 0       ; 0         ; 0    ; 0            ; |microprogram_calculate|register-8_with_CLR:inst10                              ; work         ;
;       |register-4_with_CLR:inst2|     ; 1 (1)             ; 4 (4)        ; 0           ; 0            ; 0       ; 0         ; 0    ; 0            ; |microprogram_calculate|register-8_with_CLR:inst10|register-4_with_CLR:inst2    ; work         ;
;       |register-4_with_CLR:inst|      ; 0 (0)             ; 4 (4)        ; 0           ; 0            ; 0       ; 0         ; 0    ; 0            ; |microprogram_calculate|register-8_with_CLR:inst10|register-4_with_CLR:inst     ; work         ;
;    |register-8_with_CLR:inst4|        ; 0 (0)             ; 8 (0)        ; 0           ; 0            ; 0       ; 0         ; 0    ; 0            ; |microprogram_calculate|register-8_with_CLR:inst4                               ; work         ;
;       |register-4_with_CLR:inst2|     ; 0 (0)             ; 4 (4)        ; 0           ; 0            ; 0       ; 0         ; 0    ; 0            ; |microprogram_calculate|register-8_with_CLR:inst4|register-4_with_CLR:inst2     ; work         ;
;       |register-4_with_CLR:inst|      ; 0 (0)             ; 4 (4)        ; 0           ; 0            ; 0       ; 0         ; 0    ; 0            ; |microprogram_calculate|register-8_with_CLR:inst4|register-4_with_CLR:inst      ; work         ;
;    |register-8_with_CLR:inst5|        ; 0 (0)             ; 8 (0)        ; 0           ; 0            ; 0       ; 0         ; 0    ; 0            ; |microprogram_calculate|register-8_with_CLR:inst5                               ; work         ;
;       |register-4_with_CLR:inst2|     ; 0 (0)             ; 4 (4)        ; 0           ; 0            ; 0       ; 0         ; 0    ; 0            ; |microprogram_calculate|register-8_with_CLR:inst5|register-4_with_CLR:inst2     ; work         ;
;       |register-4_with_CLR:inst|      ; 0 (0)             ; 4 (4)        ; 0           ; 0            ; 0       ; 0         ; 0    ; 0            ; |microprogram_calculate|register-8_with_CLR:inst5|register-4_with_CLR:inst      ; work         ;
;    |ripple_counter_256_advanced:inst| ; 10 (0)            ; 8 (0)        ; 0           ; 0            ; 0       ; 0         ; 0    ; 0            ; |microprogram_calculate|ripple_counter_256_advanced:inst                        ; work         ;
;       |74161:inst1|                   ; 5 (0)             ; 4 (0)        ; 0           ; 0            ; 0       ; 0         ; 0    ; 0            ; |microprogram_calculate|ripple_counter_256_advanced:inst|74161:inst1            ; work         ;
;          |f74161:sub|                 ; 5 (5)             ; 4 (4)        ; 0           ; 0            ; 0       ; 0         ; 0    ; 0            ; |microprogram_calculate|ripple_counter_256_advanced:inst|74161:inst1|f74161:sub ; work         ;
;       |74161:inst|                    ; 5 (0)             ; 4 (0)        ; 0           ; 0            ; 0       ; 0         ; 0    ; 0            ; |microprogram_calculate|ripple_counter_256_advanced:inst|74161:inst             ; work         ;
;          |f74161:sub|                 ; 5 (5)             ; 4 (4)        ; 0           ; 0            ; 0       ; 0         ; 0    ; 0            ; |microprogram_calculate|ripple_counter_256_advanced:inst|74161:inst|f74161:sub  ; work         ;
+---------------------------------------+-------------------+--------------+-------------+--------------+---------+-----------+------+--------------+---------------------------------------------------------------------------------+--------------+
Note: For table entries with two numbers listed, the numbers in parentheses indicate the number of resources of the given type used by the specific entity alone. The numbers listed outside of parentheses indicate the total resources of the given type used by the specific entity and all of its sub-entities in the hierarchy.


+------------------------------------------------------+
; General Register Statistics                          ;
+----------------------------------------------+-------+
; Statistic                                    ; Value ;
+----------------------------------------------+-------+
; Total registers                              ; 32    ;
; Number of registers using Synchronous Clear  ; 0     ;
; Number of registers using Synchronous Load   ; 0     ;
; Number of registers using Asynchronous Clear ; 32    ;
; Number of registers using Asynchronous Load  ; 0     ;
; Number of registers using Clock Enable       ; 0     ;
; Number of registers using Preset             ; 0     ;
+----------------------------------------------+-------+


+-------------------------------------------------------------------------------------------+
; Parameter Settings for User Entity Instance: ripple_counter_256_advanced:inst|74161:inst1 ;
+------------------------+------------+-----------------------------------------------------+
; Parameter Name         ; Value      ; Type                                                ;
+------------------------+------------+-----------------------------------------------------+
; DEVICE_FAMILY          ; Cyclone II ; Untyped                                             ;
; AUTO_CARRY_CHAINS      ; ON         ; AUTO_CARRY                                          ;
; IGNORE_CARRY_BUFFERS   ; OFF        ; IGNORE_CARRY                                        ;
; AUTO_CASCADE_CHAINS    ; ON         ; AUTO_CASCADE                                        ;
; IGNORE_CASCADE_BUFFERS ; OFF        ; IGNORE_CASCADE                                      ;
+------------------------+------------+-----------------------------------------------------+
Note: In order to hide this table in the UI and the text report file, please set the "Show Parameter Settings Tables in Synthesis Report" option in "Analysis and Synthesis Settings -> More Settings" to "Off".


+------------------------------------------------------------------------------------------+
; Parameter Settings for User Entity Instance: ripple_counter_256_advanced:inst|74161:inst ;
+------------------------+------------+----------------------------------------------------+
; Parameter Name         ; Value      ; Type                                               ;
+------------------------+------------+----------------------------------------------------+
; DEVICE_FAMILY          ; Cyclone II ; Untyped                                            ;
; AUTO_CARRY_CHAINS      ; ON         ; AUTO_CARRY                                         ;
; IGNORE_CARRY_BUFFERS   ; OFF        ; IGNORE_CARRY                                       ;
; AUTO_CASCADE_CHAINS    ; ON         ; AUTO_CASCADE                                       ;
; IGNORE_CASCADE_BUFFERS ; OFF        ; IGNORE_CASCADE                                     ;
+------------------------+------------+----------------------------------------------------+
Note: In order to hide this table in the UI and the text report file, please set the "Show Parameter Settings Tables in Synthesis Report" option in "Analysis and Synthesis Settings -> More Settings" to "Off".


+-------------------------------+
; Analysis & Synthesis Messages ;
+-------------------------------+
Info: *******************************************************************
Info: Running Quartus II Analysis & Synthesis
    Info: Version 8.1 Build 163 10/28/2008 SJ Web Edition
    Info: Processing started: Sat Apr 13 13:21:24 2024
Info: Command: quartus_map --read_settings_files=on --write_settings_files=off microprogram_calculate -c microprogram_calculate
Info: Found 1 design units, including 1 entities, in source file microprogram_calculate.bdf
    Info: Found entity 1: microprogram_calculate
Info: Elaborating entity "microprogram_calculate" for the top level hierarchy
Warning: Using design file ripple_counter_256_advanced.bdf, which is not specified as a design file for the current project, but contains definitions for 1 design units and 1 entities in project
    Info: Found entity 1: ripple_counter_256_advanced
Info: Elaborating entity "ripple_counter_256_advanced" for hierarchy "ripple_counter_256_advanced:inst"
Info: Elaborating entity "74161" for hierarchy "ripple_counter_256_advanced:inst|74161:inst1"
Info: Elaborated megafunction instantiation "ripple_counter_256_advanced:inst|74161:inst1"
Info: Elaborating entity "f74161" for hierarchy "ripple_counter_256_advanced:inst|74161:inst1|f74161:sub"
Info: Elaborated megafunction instantiation "ripple_counter_256_advanced:inst|74161:inst1|f74161:sub", which is child of megafunction instantiation "ripple_counter_256_advanced:inst|74161:inst1"
Info: Elaborating entity "74161" for hierarchy "ripple_counter_256_advanced:inst|74161:inst"
Info: Elaborated megafunction instantiation "ripple_counter_256_advanced:inst|74161:inst"
Warning: Using design file ALU_parallel_8b.bdf, which is not specified as a design file for the current project, but contains definitions for 1 design units and 1 entities in project
    Info: Found entity 1: ALU_parallel_8b
Info: Elaborating entity "ALU_parallel_8b" for hierarchy "ALU_parallel_8b:inst3"
Warning: Block or symbol "NOT" of instance "inst6" overlaps another block or symbol
Warning: Block or symbol "NOT" of instance "inst8" overlaps another block or symbol
Warning: Block or symbol "NOT" of instance "inst10" overlaps another block or symbol
Warning: Block or symbol "NOT" of instance "inst12" overlaps another block or symbol
Warning: Block or symbol "NOT" of instance "inst20" overlaps another block or symbol
Warning: Block or symbol "NOT" of instance "inst22" overlaps another block or symbol
Warning: Block or symbol "NOT" of instance "inst24" overlaps another block or symbol
Warning: Block or symbol "NOT" of instance "inst26" overlaps another block or symbol
Warning: Block or symbol "NOT" of instance "inst28" overlaps another block or symbol
Warning: Block or symbol "NOT" of instance "inst30" overlaps another block or symbol
Warning: Block or symbol "NOT" of instance "inst32" overlaps another block or symbol
Warning: Block or symbol "NOT" of instance "inst34" overlaps another block or symbol
Info: Elaborating entity "74181" for hierarchy "ALU_parallel_8b:inst3|74181:inst"
Info: Elaborated megafunction instantiation "ALU_parallel_8b:inst3|74181:inst"
Info: Elaborating entity "74182" for hierarchy "ALU_parallel_8b:inst3|74182:inst2"
Info: Elaborated megafunction instantiation "ALU_parallel_8b:inst3|74182:inst2"
Warning: Using design file register-8_with_CLR.bdf, which is not specified as a design file for the current project, but contains definitions for 1 design units and 1 entities in project
    Info: Found entity 1: register-8_with_CLR
Info: Elaborating entity "register-8_with_CLR" for hierarchy "register-8_with_CLR:inst4"
Warning: Using design file register-4_with_CLR.bdf, which is not specified as a design file for the current project, but contains definitions for 1 design units and 1 entities in project
    Info: Found entity 1: register-4_with_CLR
Info: Elaborating entity "register-4_with_CLR" for hierarchy "register-8_with_CLR:inst4|register-4_with_CLR:inst2"
Warning: Using design file logical-shifter-8.bdf, which is not specified as a design file for the current project, but contains definitions for 1 design units and 1 entities in project
    Info: Found entity 1: logical-shifter-8
Info: Elaborating entity "logical-shifter-8" for hierarchy "logical-shifter-8:inst12"
Warning: Using design file complement-shifter-4.bdf, which is not specified as a design file for the current project, but contains definitions for 1 design units and 1 entities in project
    Info: Found entity 1: complement-shifter-4
Info: Elaborating entity "complement-shifter-4" for hierarchy "logical-shifter-8:inst12|complement-shifter-4:inst"
Info: Ignored 38 buffer(s)
    Info: Ignored 8 CARRY buffer(s)
    Info: Ignored 30 SOFT buffer(s)
Info: Implemented 144 device resources after synthesis - the final resource count might be different
    Info: Implemented 22 input pins
    Info: Implemented 34 output pins
    Info: Implemented 88 logic cells
Info: Quartus II Analysis & Synthesis was successful. 0 errors, 18 warnings
    Info: Peak virtual memory: 233 megabytes
    Info: Processing ended: Sat Apr 13 13:21:25 2024
    Info: Elapsed time: 00:00:01
    Info: Total CPU time (on all processors): 00:00:01


