Classic Timing Analyzer report for mux2-8
Mon Mar 18 11:22:50 2024
Quartus II Version 8.1 Build 163 10/28/2008 SJ Web Edition


---------------------
; Table of Contents ;
---------------------
  1. Legal Notice
  2. Timing Analyzer Summary
  3. Timing Analyzer Settings
  4. tpd
  5. Timing Analyzer Messages



----------------
; Legal Notice ;
----------------
Copyright (C) 1991-2008 Altera Corporation
Your use of Altera Corporation's design tools, logic functions 
and other software and tools, and its AMPP partner logic 
functions, and any output files from any of the foregoing 
(including device programming or simulation files), and any 
associated documentation or information are expressly subject 
to the terms and conditions of the Altera Program License 
Subscription Agreement, Altera MegaCore Function License 
Agreement, or other applicable license agreement, including, 
without limitation, that your use is for the sole purpose of 
programming logic devices manufactured by Altera and sold by 
Altera or its authorized distributors.  Please refer to the 
applicable agreement for further details.



+-----------------------------------------------------------------------------------------------------------------------+
; Timing Analyzer Summary                                                                                               ;
+------------------------------+-------+---------------+-------------+------+----+------------+----------+--------------+
; Type                         ; Slack ; Required Time ; Actual Time ; From ; To ; From Clock ; To Clock ; Failed Paths ;
+------------------------------+-------+---------------+-------------+------+----+------------+----------+--------------+
; Worst-case tpd               ; N/A   ; None          ; 13.275 ns   ; AY   ; Y6 ; --         ; --       ; 0            ;
; Total number of failed paths ;       ;               ;             ;      ;    ;            ;          ; 0            ;
+------------------------------+-------+---------------+-------------+------+----+------------+----------+--------------+


+--------------------------------------------------------------------------------------------------------------------+
; Timing Analyzer Settings                                                                                           ;
+---------------------------------------------------------------------+--------------------+------+----+-------------+
; Option                                                              ; Setting            ; From ; To ; Entity Name ;
+---------------------------------------------------------------------+--------------------+------+----+-------------+
; Device Name                                                         ; EP2C8Q208C8        ;      ;    ;             ;
; Timing Models                                                       ; Final              ;      ;    ;             ;
; Default hold multicycle                                             ; Same as Multicycle ;      ;    ;             ;
; Cut paths between unrelated clock domains                           ; On                 ;      ;    ;             ;
; Cut off read during write signal paths                              ; On                 ;      ;    ;             ;
; Cut off feedback from I/O pins                                      ; On                 ;      ;    ;             ;
; Report Combined Fast/Slow Timing                                    ; Off                ;      ;    ;             ;
; Ignore Clock Settings                                               ; Off                ;      ;    ;             ;
; Analyze latches as synchronous elements                             ; On                 ;      ;    ;             ;
; Enable Recovery/Removal analysis                                    ; Off                ;      ;    ;             ;
; Enable Clock Latency                                                ; Off                ;      ;    ;             ;
; Use TimeQuest Timing Analyzer                                       ; Off                ;      ;    ;             ;
; Minimum Core Junction Temperature                                   ; 0                  ;      ;    ;             ;
; Maximum Core Junction Temperature                                   ; 85                 ;      ;    ;             ;
; Number of source nodes to report per destination node               ; 10                 ;      ;    ;             ;
; Number of destination nodes to report                               ; 10                 ;      ;    ;             ;
; Number of paths to report                                           ; 200                ;      ;    ;             ;
; Report Minimum Timing Checks                                        ; Off                ;      ;    ;             ;
; Use Fast Timing Models                                              ; Off                ;      ;    ;             ;
; Report IO Paths Separately                                          ; Off                ;      ;    ;             ;
; Perform Multicorner Analysis                                        ; On                 ;      ;    ;             ;
; Reports the worst-case path for each clock domain and analysis      ; Off                ;      ;    ;             ;
; Removes common clock path pessimism (CCPP) during slack computation ; Off                ;      ;    ;             ;
; Output I/O Timing Endpoint                                          ; Near End           ;      ;    ;             ;
+---------------------------------------------------------------------+--------------------+------+----+-------------+


+---------------------------------------------------------+
; tpd                                                     ;
+-------+-------------------+-----------------+------+----+
; Slack ; Required P2P Time ; Actual P2P Time ; From ; To ;
+-------+-------------------+-----------------+------+----+
; N/A   ; None              ; 13.275 ns       ; AY   ; Y6 ;
; N/A   ; None              ; 13.171 ns       ; BY   ; Y6 ;
; N/A   ; None              ; 12.739 ns       ; A6   ; Y6 ;
; N/A   ; None              ; 12.675 ns       ; B0   ; Y0 ;
; N/A   ; None              ; 12.664 ns       ; AY   ; Y2 ;
; N/A   ; None              ; 12.607 ns       ; AY   ; Y0 ;
; N/A   ; None              ; 12.507 ns       ; BY   ; Y0 ;
; N/A   ; None              ; 12.472 ns       ; AY   ; Y3 ;
; N/A   ; None              ; 12.384 ns       ; AY   ; Y4 ;
; N/A   ; None              ; 12.378 ns       ; AY   ; Y5 ;
; N/A   ; None              ; 12.370 ns       ; AY   ; Y1 ;
; N/A   ; None              ; 12.368 ns       ; BY   ; Y3 ;
; N/A   ; None              ; 12.280 ns       ; BY   ; Y4 ;
; N/A   ; None              ; 12.274 ns       ; BY   ; Y5 ;
; N/A   ; None              ; 12.264 ns       ; BY   ; Y1 ;
; N/A   ; None              ; 12.184 ns       ; B2   ; Y2 ;
; N/A   ; None              ; 12.145 ns       ; A1   ; Y1 ;
; N/A   ; None              ; 12.128 ns       ; A2   ; Y2 ;
; N/A   ; None              ; 12.051 ns       ; BY   ; Y2 ;
; N/A   ; None              ; 12.049 ns       ; AY   ; Y7 ;
; N/A   ; None              ; 11.947 ns       ; A3   ; Y3 ;
; N/A   ; None              ; 11.943 ns       ; BY   ; Y7 ;
; N/A   ; None              ; 11.824 ns       ; A7   ; Y7 ;
; N/A   ; None              ; 11.723 ns       ; B3   ; Y3 ;
; N/A   ; None              ; 11.656 ns       ; B4   ; Y4 ;
; N/A   ; None              ; 11.571 ns       ; A0   ; Y0 ;
; N/A   ; None              ; 11.309 ns       ; B1   ; Y1 ;
; N/A   ; None              ; 11.287 ns       ; B7   ; Y7 ;
; N/A   ; None              ; 7.315 ns        ; B6   ; Y6 ;
; N/A   ; None              ; 6.882 ns        ; A5   ; Y5 ;
; N/A   ; None              ; 6.783 ns        ; A4   ; Y4 ;
; N/A   ; None              ; 6.397 ns        ; B5   ; Y5 ;
+-------+-------------------+-----------------+------+----+


+--------------------------+
; Timing Analyzer Messages ;
+--------------------------+
Info: *******************************************************************
Info: Running Quartus II Classic Timing Analyzer
    Info: Version 8.1 Build 163 10/28/2008 SJ Web Edition
    Info: Processing started: Mon Mar 18 11:22:50 2024
Info: Command: quartus_tan --read_settings_files=off --write_settings_files=off mux2-8 -c mux2-8 --timing_analysis_only
Info: Longest tpd from source pin "AY" to destination pin "Y6" is 13.275 ns
    Info: 1: + IC(0.000 ns) + CELL(0.995 ns) = 0.995 ns; Loc. = PIN_43; Fanout = 8; PIN Node = 'AY'
    Info: 2: + IC(6.523 ns) + CELL(0.370 ns) = 7.888 ns; Loc. = LCCOMB_X1_Y9_N18; Fanout = 1; COMB Node = 'inst8'
    Info: 3: + IC(2.091 ns) + CELL(3.296 ns) = 13.275 ns; Loc. = PIN_61; Fanout = 0; PIN Node = 'Y6'
    Info: Total cell delay = 4.661 ns ( 35.11 % )
    Info: Total interconnect delay = 8.614 ns ( 64.89 % )
Info: Quartus II Classic Timing Analyzer was successful. 0 errors, 0 warnings
    Info: Peak virtual memory: 183 megabytes
    Info: Processing ended: Mon Mar 18 11:22:50 2024
    Info: Elapsed time: 00:00:00
    Info: Total CPU time (on all processors): 00:00:00


