Classic Timing Analyzer report for complement-shifter-4
Tue Mar 26 22:14:51 2024
Quartus II Version 8.1 Build 163 10/28/2008 SJ Web Edition


---------------------
; Table of Contents ;
---------------------
  1. Legal Notice
  2. Timing Analyzer Summary
  3. Timing Analyzer Settings
  4. tpd
  5. Timing Analyzer Messages



----------------
; Legal Notice ;
----------------
Copyright (C) 1991-2008 Altera Corporation
Your use of Altera Corporation's design tools, logic functions 
and other software and tools, and its AMPP partner logic 
functions, and any output files from any of the foregoing 
(including device programming or simulation files), and any 
associated documentation or information are expressly subject 
to the terms and conditions of the Altera Program License 
Subscription Agreement, Altera MegaCore Function License 
Agreement, or other applicable license agreement, including, 
without limitation, that your use is for the sole purpose of 
programming logic devices manufactured by Altera and sold by 
Altera or its authorized distributors.  Please refer to the 
applicable agreement for further details.



+-----------------------------------------------------------------------------------------------------------------------+
; Timing Analyzer Summary                                                                                               ;
+------------------------------+-------+---------------+-------------+------+----+------------+----------+--------------+
; Type                         ; Slack ; Required Time ; Actual Time ; From ; To ; From Clock ; To Clock ; Failed Paths ;
+------------------------------+-------+---------------+-------------+------+----+------------+----------+--------------+
; Worst-case tpd               ; N/A   ; None          ; 14.985 ns   ; A0   ; Q0 ; --         ; --       ; 0            ;
; Total number of failed paths ;       ;               ;             ;      ;    ;            ;          ; 0            ;
+------------------------------+-------+---------------+-------------+------+----+------------+----------+--------------+


+--------------------------------------------------------------------------------------------------------------------+
; Timing Analyzer Settings                                                                                           ;
+---------------------------------------------------------------------+--------------------+------+----+-------------+
; Option                                                              ; Setting            ; From ; To ; Entity Name ;
+---------------------------------------------------------------------+--------------------+------+----+-------------+
; Device Name                                                         ; EP2C8Q208C8        ;      ;    ;             ;
; Timing Models                                                       ; Final              ;      ;    ;             ;
; Default hold multicycle                                             ; Same as Multicycle ;      ;    ;             ;
; Cut paths between unrelated clock domains                           ; On                 ;      ;    ;             ;
; Cut off read during write signal paths                              ; On                 ;      ;    ;             ;
; Cut off feedback from I/O pins                                      ; On                 ;      ;    ;             ;
; Report Combined Fast/Slow Timing                                    ; Off                ;      ;    ;             ;
; Ignore Clock Settings                                               ; Off                ;      ;    ;             ;
; Analyze latches as synchronous elements                             ; On                 ;      ;    ;             ;
; Enable Recovery/Removal analysis                                    ; Off                ;      ;    ;             ;
; Enable Clock Latency                                                ; Off                ;      ;    ;             ;
; Use TimeQuest Timing Analyzer                                       ; Off                ;      ;    ;             ;
; Minimum Core Junction Temperature                                   ; 0                  ;      ;    ;             ;
; Maximum Core Junction Temperature                                   ; 85                 ;      ;    ;             ;
; Number of source nodes to report per destination node               ; 10                 ;      ;    ;             ;
; Number of destination nodes to report                               ; 10                 ;      ;    ;             ;
; Number of paths to report                                           ; 200                ;      ;    ;             ;
; Report Minimum Timing Checks                                        ; Off                ;      ;    ;             ;
; Use Fast Timing Models                                              ; Off                ;      ;    ;             ;
; Report IO Paths Separately                                          ; Off                ;      ;    ;             ;
; Perform Multicorner Analysis                                        ; On                 ;      ;    ;             ;
; Reports the worst-case path for each clock domain and analysis      ; Off                ;      ;    ;             ;
; Removes common clock path pessimism (CCPP) during slack computation ; Off                ;      ;    ;             ;
; Output I/O Timing Endpoint                                          ; Near End           ;      ;    ;             ;
+---------------------------------------------------------------------+--------------------+------+----+-------------+


+---------------------------------------------------------+
; tpd                                                     ;
+-------+-------------------+-----------------+------+----+
; Slack ; Required P2P Time ; Actual P2P Time ; From ; To ;
+-------+-------------------+-----------------+------+----+
; N/A   ; None              ; 14.985 ns       ; A0   ; Q0 ;
; N/A   ; None              ; 14.838 ns       ; A0   ; Q1 ;
; N/A   ; None              ; 14.762 ns       ; DM   ; Q0 ;
; N/A   ; None              ; 14.717 ns       ; A3   ; Q3 ;
; N/A   ; None              ; 14.621 ns       ; DM   ; Q1 ;
; N/A   ; None              ; 14.600 ns       ; LM   ; Q1 ;
; N/A   ; None              ; 14.565 ns       ; LI   ; Q0 ;
; N/A   ; None              ; 14.536 ns       ; A1   ; Q1 ;
; N/A   ; None              ; 14.511 ns       ; DM   ; Q2 ;
; N/A   ; None              ; 14.494 ns       ; LM   ; Q0 ;
; N/A   ; None              ; 14.451 ns       ; A2   ; Q3 ;
; N/A   ; None              ; 14.429 ns       ; A1   ; Q2 ;
; N/A   ; None              ; 14.307 ns       ; LM   ; Q3 ;
; N/A   ; None              ; 14.289 ns       ; LM   ; Q2 ;
; N/A   ; None              ; 14.224 ns       ; DM   ; Q3 ;
; N/A   ; None              ; 14.189 ns       ; RM   ; Q1 ;
; N/A   ; None              ; 14.134 ns       ; A2   ; Q2 ;
; N/A   ; None              ; 14.083 ns       ; RM   ; Q0 ;
; N/A   ; None              ; 13.896 ns       ; RM   ; Q3 ;
; N/A   ; None              ; 13.878 ns       ; RM   ; Q2 ;
; N/A   ; None              ; 13.439 ns       ; RI   ; Q3 ;
; N/A   ; None              ; 13.415 ns       ; A3   ; Q2 ;
; N/A   ; None              ; 13.207 ns       ; A2   ; Q1 ;
; N/A   ; None              ; 13.121 ns       ; A1   ; Q0 ;
+-------+-------------------+-----------------+------+----+


+--------------------------+
; Timing Analyzer Messages ;
+--------------------------+
Info: *******************************************************************
Info: Running Quartus II Classic Timing Analyzer
    Info: Version 8.1 Build 163 10/28/2008 SJ Web Edition
    Info: Processing started: Tue Mar 26 22:14:51 2024
Info: Command: quartus_tan --read_settings_files=off --write_settings_files=off complement-shifter-4 -c complement-shifter-4 --timing_analysis_only
Info: Longest tpd from source pin "A0" to destination pin "Q0" is 14.985 ns
    Info: 1: + IC(0.000 ns) + CELL(0.974 ns) = 0.974 ns; Loc. = PIN_77; Fanout = 2; PIN Node = 'A0'
    Info: 2: + IC(6.803 ns) + CELL(0.370 ns) = 8.147 ns; Loc. = LCCOMB_X25_Y6_N30; Fanout = 1; COMB Node = 'inst15~33'
    Info: 3: + IC(0.634 ns) + CELL(0.650 ns) = 9.431 ns; Loc. = LCCOMB_X25_Y6_N24; Fanout = 1; COMB Node = 'inst15~34'
    Info: 4: + IC(2.458 ns) + CELL(3.096 ns) = 14.985 ns; Loc. = PIN_142; Fanout = 0; PIN Node = 'Q0'
    Info: Total cell delay = 5.090 ns ( 33.97 % )
    Info: Total interconnect delay = 9.895 ns ( 66.03 % )
Info: Quartus II Classic Timing Analyzer was successful. 0 errors, 0 warnings
    Info: Peak virtual memory: 194 megabytes
    Info: Processing ended: Tue Mar 26 22:14:51 2024
    Info: Elapsed time: 00:00:00
    Info: Total CPU time (on all processors): 00:00:00


