Classic Timing Analyzer report for 38_decoder
Tue Mar 19 13:34:42 2024
Quartus II Version 8.1 Build 163 10/28/2008 SJ Web Edition


---------------------
; Table of Contents ;
---------------------
  1. Legal Notice
  2. Timing Analyzer Summary
  3. Timing Analyzer Settings
  4. tpd
  5. Timing Analyzer Messages



----------------
; Legal Notice ;
----------------
Copyright (C) 1991-2008 Altera Corporation
Your use of Altera Corporation's design tools, logic functions 
and other software and tools, and its AMPP partner logic 
functions, and any output files from any of the foregoing 
(including device programming or simulation files), and any 
associated documentation or information are expressly subject 
to the terms and conditions of the Altera Program License 
Subscription Agreement, Altera MegaCore Function License 
Agreement, or other applicable license agreement, including, 
without limitation, that your use is for the sole purpose of 
programming logic devices manufactured by Altera and sold by 
Altera or its authorized distributors.  Please refer to the 
applicable agreement for further details.



+-----------------------------------------------------------------------------------------------------------------------+
; Timing Analyzer Summary                                                                                               ;
+------------------------------+-------+---------------+-------------+------+----+------------+----------+--------------+
; Type                         ; Slack ; Required Time ; Actual Time ; From ; To ; From Clock ; To Clock ; Failed Paths ;
+------------------------------+-------+---------------+-------------+------+----+------------+----------+--------------+
; Worst-case tpd               ; N/A   ; None          ; 12.599 ns   ; I0   ; Y1 ; --         ; --       ; 0            ;
; Total number of failed paths ;       ;               ;             ;      ;    ;            ;          ; 0            ;
+------------------------------+-------+---------------+-------------+------+----+------------+----------+--------------+


+--------------------------------------------------------------------------------------------------------------------+
; Timing Analyzer Settings                                                                                           ;
+---------------------------------------------------------------------+--------------------+------+----+-------------+
; Option                                                              ; Setting            ; From ; To ; Entity Name ;
+---------------------------------------------------------------------+--------------------+------+----+-------------+
; Device Name                                                         ; EP2C8Q208C8        ;      ;    ;             ;
; Timing Models                                                       ; Final              ;      ;    ;             ;
; Default hold multicycle                                             ; Same as Multicycle ;      ;    ;             ;
; Cut paths between unrelated clock domains                           ; On                 ;      ;    ;             ;
; Cut off read during write signal paths                              ; On                 ;      ;    ;             ;
; Cut off feedback from I/O pins                                      ; On                 ;      ;    ;             ;
; Report Combined Fast/Slow Timing                                    ; Off                ;      ;    ;             ;
; Ignore Clock Settings                                               ; Off                ;      ;    ;             ;
; Analyze latches as synchronous elements                             ; On                 ;      ;    ;             ;
; Enable Recovery/Removal analysis                                    ; Off                ;      ;    ;             ;
; Enable Clock Latency                                                ; Off                ;      ;    ;             ;
; Use TimeQuest Timing Analyzer                                       ; Off                ;      ;    ;             ;
; Minimum Core Junction Temperature                                   ; 0                  ;      ;    ;             ;
; Maximum Core Junction Temperature                                   ; 85                 ;      ;    ;             ;
; Number of source nodes to report per destination node               ; 10                 ;      ;    ;             ;
; Number of destination nodes to report                               ; 10                 ;      ;    ;             ;
; Number of paths to report                                           ; 200                ;      ;    ;             ;
; Report Minimum Timing Checks                                        ; Off                ;      ;    ;             ;
; Use Fast Timing Models                                              ; Off                ;      ;    ;             ;
; Report IO Paths Separately                                          ; Off                ;      ;    ;             ;
; Perform Multicorner Analysis                                        ; On                 ;      ;    ;             ;
; Reports the worst-case path for each clock domain and analysis      ; Off                ;      ;    ;             ;
; Removes common clock path pessimism (CCPP) during slack computation ; Off                ;      ;    ;             ;
; Output I/O Timing Endpoint                                          ; Near End           ;      ;    ;             ;
+---------------------------------------------------------------------+--------------------+------+----+-------------+


+---------------------------------------------------------+
; tpd                                                     ;
+-------+-------------------+-----------------+------+----+
; Slack ; Required P2P Time ; Actual P2P Time ; From ; To ;
+-------+-------------------+-----------------+------+----+
; N/A   ; None              ; 12.599 ns       ; I0   ; Y1 ;
; N/A   ; None              ; 12.487 ns       ; I0   ; Y0 ;
; N/A   ; None              ; 12.482 ns       ; I2   ; Y0 ;
; N/A   ; None              ; 12.477 ns       ; I2   ; Y1 ;
; N/A   ; None              ; 12.472 ns       ; I0   ; Y4 ;
; N/A   ; None              ; 12.460 ns       ; I2   ; Y6 ;
; N/A   ; None              ; 12.452 ns       ; I2   ; Y2 ;
; N/A   ; None              ; 12.451 ns       ; I2   ; Y4 ;
; N/A   ; None              ; 12.444 ns       ; I0   ; Y7 ;
; N/A   ; None              ; 12.437 ns       ; I0   ; Y6 ;
; N/A   ; None              ; 12.422 ns       ; I0   ; Y2 ;
; N/A   ; None              ; 12.401 ns       ; I0   ; Y3 ;
; N/A   ; None              ; 12.342 ns       ; I2   ; Y7 ;
; N/A   ; None              ; 12.323 ns       ; I2   ; Y3 ;
; N/A   ; None              ; 12.225 ns       ; I1   ; Y0 ;
; N/A   ; None              ; 12.225 ns       ; I1   ; Y1 ;
; N/A   ; None              ; 12.218 ns       ; I1   ; Y6 ;
; N/A   ; None              ; 12.208 ns       ; I1   ; Y4 ;
; N/A   ; None              ; 12.197 ns       ; I1   ; Y2 ;
; N/A   ; None              ; 12.186 ns       ; I0   ; Y5 ;
; N/A   ; None              ; 12.108 ns       ; I1   ; Y7 ;
; N/A   ; None              ; 12.069 ns       ; I1   ; Y3 ;
; N/A   ; None              ; 12.057 ns       ; I2   ; Y5 ;
; N/A   ; None              ; 11.808 ns       ; I1   ; Y5 ;
+-------+-------------------+-----------------+------+----+


+--------------------------+
; Timing Analyzer Messages ;
+--------------------------+
Info: *******************************************************************
Info: Running Quartus II Classic Timing Analyzer
    Info: Version 8.1 Build 163 10/28/2008 SJ Web Edition
    Info: Processing started: Tue Mar 19 13:34:42 2024
Info: Command: quartus_tan --read_settings_files=off --write_settings_files=off 38_decoder -c 38_decoder --timing_analysis_only
Info: Longest tpd from source pin "I0" to destination pin "Y1" is 12.599 ns
    Info: 1: + IC(0.000 ns) + CELL(0.974 ns) = 0.974 ns; Loc. = PIN_77; Fanout = 8; PIN Node = 'I0'
    Info: 2: + IC(6.818 ns) + CELL(0.647 ns) = 8.439 ns; Loc. = LCCOMB_X1_Y4_N12; Fanout = 1; COMB Node = 'inst12~83'
    Info: 3: + IC(1.064 ns) + CELL(3.096 ns) = 12.599 ns; Loc. = PIN_35; Fanout = 0; PIN Node = 'Y1'
    Info: Total cell delay = 4.717 ns ( 37.44 % )
    Info: Total interconnect delay = 7.882 ns ( 62.56 % )
Info: Quartus II Classic Timing Analyzer was successful. 0 errors, 0 warnings
    Info: Peak virtual memory: 183 megabytes
    Info: Processing ended: Tue Mar 19 13:34:42 2024
    Info: Elapsed time: 00:00:00
    Info: Total CPU time (on all processors): 00:00:00


