Classic Timing Analyzer report for shifter-4
Tue Mar 26 21:54:18 2024
Quartus II Version 8.1 Build 163 10/28/2008 SJ Web Edition


---------------------
; Table of Contents ;
---------------------
  1. Legal Notice
  2. Timing Analyzer Summary
  3. Timing Analyzer Settings
  4. tpd
  5. Timing Analyzer Messages



----------------
; Legal Notice ;
----------------
Copyright (C) 1991-2008 Altera Corporation
Your use of Altera Corporation's design tools, logic functions 
and other software and tools, and its AMPP partner logic 
functions, and any output files from any of the foregoing 
(including device programming or simulation files), and any 
associated documentation or information are expressly subject 
to the terms and conditions of the Altera Program License 
Subscription Agreement, Altera MegaCore Function License 
Agreement, or other applicable license agreement, including, 
without limitation, that your use is for the sole purpose of 
programming logic devices manufactured by Altera and sold by 
Altera or its authorized distributors.  Please refer to the 
applicable agreement for further details.



+-----------------------------------------------------------------------------------------------------------------------+
; Timing Analyzer Summary                                                                                               ;
+------------------------------+-------+---------------+-------------+------+----+------------+----------+--------------+
; Type                         ; Slack ; Required Time ; Actual Time ; From ; To ; From Clock ; To Clock ; Failed Paths ;
+------------------------------+-------+---------------+-------------+------+----+------------+----------+--------------+
; Worst-case tpd               ; N/A   ; None          ; 14.039 ns   ; A3   ; Q3 ; --         ; --       ; 0            ;
; Total number of failed paths ;       ;               ;             ;      ;    ;            ;          ; 0            ;
+------------------------------+-------+---------------+-------------+------+----+------------+----------+--------------+


+--------------------------------------------------------------------------------------------------------------------+
; Timing Analyzer Settings                                                                                           ;
+---------------------------------------------------------------------+--------------------+------+----+-------------+
; Option                                                              ; Setting            ; From ; To ; Entity Name ;
+---------------------------------------------------------------------+--------------------+------+----+-------------+
; Device Name                                                         ; EP2C8Q208C8        ;      ;    ;             ;
; Timing Models                                                       ; Final              ;      ;    ;             ;
; Default hold multicycle                                             ; Same as Multicycle ;      ;    ;             ;
; Cut paths between unrelated clock domains                           ; On                 ;      ;    ;             ;
; Cut off read during write signal paths                              ; On                 ;      ;    ;             ;
; Cut off feedback from I/O pins                                      ; On                 ;      ;    ;             ;
; Report Combined Fast/Slow Timing                                    ; Off                ;      ;    ;             ;
; Ignore Clock Settings                                               ; Off                ;      ;    ;             ;
; Analyze latches as synchronous elements                             ; On                 ;      ;    ;             ;
; Enable Recovery/Removal analysis                                    ; Off                ;      ;    ;             ;
; Enable Clock Latency                                                ; Off                ;      ;    ;             ;
; Use TimeQuest Timing Analyzer                                       ; Off                ;      ;    ;             ;
; Minimum Core Junction Temperature                                   ; 0                  ;      ;    ;             ;
; Maximum Core Junction Temperature                                   ; 85                 ;      ;    ;             ;
; Number of source nodes to report per destination node               ; 10                 ;      ;    ;             ;
; Number of destination nodes to report                               ; 10                 ;      ;    ;             ;
; Number of paths to report                                           ; 200                ;      ;    ;             ;
; Report Minimum Timing Checks                                        ; Off                ;      ;    ;             ;
; Use Fast Timing Models                                              ; Off                ;      ;    ;             ;
; Report IO Paths Separately                                          ; Off                ;      ;    ;             ;
; Perform Multicorner Analysis                                        ; On                 ;      ;    ;             ;
; Reports the worst-case path for each clock domain and analysis      ; Off                ;      ;    ;             ;
; Removes common clock path pessimism (CCPP) during slack computation ; Off                ;      ;    ;             ;
; Output I/O Timing Endpoint                                          ; Near End           ;      ;    ;             ;
+---------------------------------------------------------------------+--------------------+------+----+-------------+


+---------------------------------------------------------+
; tpd                                                     ;
+-------+-------------------+-----------------+------+----+
; Slack ; Required P2P Time ; Actual P2P Time ; From ; To ;
+-------+-------------------+-----------------+------+----+
; N/A   ; None              ; 14.039 ns       ; A3   ; Q3 ;
; N/A   ; None              ; 13.940 ns       ; A2   ; Q1 ;
; N/A   ; None              ; 13.784 ns       ; A2   ; Q3 ;
; N/A   ; None              ; 13.720 ns       ; RM   ; Q0 ;
; N/A   ; None              ; 13.708 ns       ; RM   ; Q1 ;
; N/A   ; None              ; 13.682 ns       ; RM   ; Q2 ;
; N/A   ; None              ; 13.672 ns       ; A1   ; Q1 ;
; N/A   ; None              ; 13.664 ns       ; A2   ; Q2 ;
; N/A   ; None              ; 13.652 ns       ; LM   ; Q0 ;
; N/A   ; None              ; 13.647 ns       ; DM   ; Q0 ;
; N/A   ; None              ; 13.640 ns       ; LM   ; Q1 ;
; N/A   ; None              ; 13.628 ns       ; DM   ; Q2 ;
; N/A   ; None              ; 13.614 ns       ; LM   ; Q2 ;
; N/A   ; None              ; 13.599 ns       ; A0   ; Q0 ;
; N/A   ; None              ; 13.488 ns       ; A3   ; Q2 ;
; N/A   ; None              ; 13.318 ns       ; DM   ; Q3 ;
; N/A   ; None              ; 13.281 ns       ; DM   ; Q1 ;
; N/A   ; None              ; 12.701 ns       ; A1   ; Q0 ;
; N/A   ; None              ; 12.662 ns       ; A1   ; Q2 ;
; N/A   ; None              ; 12.630 ns       ; LM   ; Q3 ;
; N/A   ; None              ; 12.622 ns       ; RM   ; Q3 ;
; N/A   ; None              ; 12.607 ns       ; A0   ; Q1 ;
+-------+-------------------+-----------------+------+----+


+--------------------------+
; Timing Analyzer Messages ;
+--------------------------+
Info: *******************************************************************
Info: Running Quartus II Classic Timing Analyzer
    Info: Version 8.1 Build 163 10/28/2008 SJ Web Edition
    Info: Processing started: Tue Mar 26 21:54:18 2024
Info: Command: quartus_tan --read_settings_files=off --write_settings_files=off shifter-4 -c shifter-4 --timing_analysis_only
Info: Longest tpd from source pin "A3" to destination pin "Q3" is 14.039 ns
    Info: 1: + IC(0.000 ns) + CELL(0.974 ns) = 0.974 ns; Loc. = PIN_82; Fanout = 2; PIN Node = 'A3'
    Info: 2: + IC(6.860 ns) + CELL(0.624 ns) = 8.458 ns; Loc. = LCCOMB_X4_Y4_N0; Fanout = 1; COMB Node = 'inst12~25'
    Info: 3: + IC(0.669 ns) + CELL(0.370 ns) = 9.497 ns; Loc. = LCCOMB_X4_Y4_N18; Fanout = 1; COMB Node = 'inst12~26'
    Info: 4: + IC(1.466 ns) + CELL(3.076 ns) = 14.039 ns; Loc. = PIN_39; Fanout = 0; PIN Node = 'Q3'
    Info: Total cell delay = 5.044 ns ( 35.93 % )
    Info: Total interconnect delay = 8.995 ns ( 64.07 % )
Info: Quartus II Classic Timing Analyzer was successful. 0 errors, 0 warnings
    Info: Peak virtual memory: 194 megabytes
    Info: Processing ended: Tue Mar 26 21:54:18 2024
    Info: Elapsed time: 00:00:00
    Info: Total CPU time (on all processors): 00:00:00


